2024-02-11 16:49:37,145 [Worker-5: Loading available Gradle versions] INFO  o.e.b.c.i.u.g.PublishedGradleVersions - Gradle version information cache is up-to-date. Trying to read.
2024-02-11 16:50:09,695 [Worker-8: Importing Maven projects] INFO  o.e.m.c.i.l.LifecycleMappingFactory - Using org.eclipse.m2e.jdt.JarLifecycleMapping lifecycle mapping for MavenProject: com.example:moviebackend:0.0.1-SNAPSHOT @ C:\Users\Prathamesh Hanmante\Desktop\MovieBookingWebsite\moviebackend\moviebackend\pom.xml.
2024-02-11 16:50:10,701 [Worker-8: Importing Maven projects] INFO  o.e.m.j.i.AbstractJavaProjectConfigurator - Adding source folder /moviebackend/src/main/java
2024-02-11 16:50:10,701 [Worker-8: Importing Maven projects] INFO  o.e.m.j.i.AbstractJavaProjectConfigurator - Adding resource folder /moviebackend/src/main/resources
2024-02-11 16:50:10,707 [Worker-8: Importing Maven projects] INFO  o.e.m.j.i.AbstractJavaProjectConfigurator - Adding resource folder /moviebackend/src/main/resources
2024-02-11 16:50:10,710 [Worker-8: Importing Maven projects] INFO  o.e.m.j.i.AbstractJavaProjectConfigurator - Adding source folder /moviebackend/src/test/java
2024-02-11 16:50:10,710 [Worker-8: Importing Maven projects] INFO  o.e.m.j.i.AbstractJavaProjectConfigurator - Adding resource folder /moviebackend/src/test/resources
2024-02-11 16:50:11,257 [Worker-8: Importing Maven projects] INFO  o.e.m.c.i.p.ProjectConfigurationManager - Imported and configured 1 project(s) in 2 sec
2024-02-11 16:50:13,178 [Worker-2: Building] INFO  o.a.m.s.f.DefaultMavenResourcesFiltering - Copying 1 resource from src\main\resources to target\classes
2024-02-11 16:50:13,197 [Worker-2: Building] INFO  o.a.m.s.f.DefaultMavenResourcesFiltering - Copying 0 resource from src\main\resources to target\classes
2024-02-11 16:50:13,202 [Worker-2: Building] INFO  o.a.m.s.f.DefaultMavenResourcesFiltering - skip non existing resourceDirectory C:\Users\Prathamesh Hanmante\Desktop\MovieBookingWebsite\moviebackend\moviebackend\src\test\resources
2024-02-11 17:26:17,403 [Start Help Server] INFO  org.eclipse.jetty.server.Server - jetty-10.0.15; built: 2023-04-11T17:25:14.480Z; git: 68017dbd00236bb7e187330d7585a059610f661d; jvm 17.0.8.1+1
2024-02-11 17:26:17,442 [Start Help Server] INFO  o.e.j.s.s.DefaultSessionIdManager - Session workerName=node0
2024-02-11 17:26:17,475 [Start Help Server] INFO  o.e.j.server.handler.ContextHandler - Started o.e.j.s.ServletContextHandler@6ef64613{/help,null,AVAILABLE}
2024-02-11 17:26:17,497 [Start Help Server] INFO  o.e.jetty.server.AbstractConnector - Started ServerConnector@56aa5379{HTTP/1.1, (http/1.1)}{127.0.0.1:57996}
2024-02-11 17:26:17,503 [Start Help Server] INFO  org.eclipse.jetty.server.Server - Started Server@5c61d5f0{STARTING}[10.0.15,sto=0] @2224200ms
2024-02-11 18:17:52,329 [Worker-38: Building] INFO  o.a.m.s.f.DefaultMavenResourcesFiltering - Copying 1 resource from src\main\resources to target\classes
2024-02-11 18:17:52,376 [Worker-38: Building] INFO  o.a.m.s.f.DefaultMavenResourcesFiltering - Copying 0 resource from src\main\resources to target\classes
2024-02-11 18:17:52,403 [Worker-38: Building] INFO  o.a.m.s.f.DefaultMavenResourcesFiltering - skip non existing resourceDirectory C:\Users\Prathamesh Hanmante\Desktop\MovieBookingWebsite\moviebackend\moviebackend\src\test\resources
2024-02-11 18:22:34,563 [Worker-40: Building] INFO  o.a.m.s.f.DefaultMavenResourcesFiltering - Copying 1 resource from src\main\resources to target\classes
2024-02-11 18:22:34,570 [Worker-40: Building] INFO  o.a.m.s.f.DefaultMavenResourcesFiltering - Copying 0 resource from src\main\resources to target\classes
2024-02-11 18:22:34,572 [Worker-40: Building] INFO  o.a.m.s.f.DefaultMavenResourcesFiltering - skip non existing resourceDirectory C:\Users\Prathamesh Hanmante\Desktop\MovieBookingWebsite\moviebackend\moviebackend\src\test\resources
2024-02-11 18:22:48,805 [Worker-42: Building] INFO  o.a.m.s.f.DefaultMavenResourcesFiltering - Copying 1 resource from src\main\resources to target\classes
2024-02-11 18:22:48,810 [Worker-42: Building] INFO  o.a.m.s.f.DefaultMavenResourcesFiltering - Copying 0 resource from src\main\resources to target\classes
2024-02-11 18:22:48,814 [Worker-42: Building] INFO  o.a.m.s.f.DefaultMavenResourcesFiltering - skip non existing resourceDirectory C:\Users\Prathamesh Hanmante\Desktop\MovieBookingWebsite\moviebackend\moviebackend\src\test\resources
2024-02-11 21:36:14,993 [Worker-56: Building] INFO  o.a.m.s.f.DefaultMavenResourcesFiltering - Copying 1 resource from src\main\resources to target\classes
2024-02-11 21:36:15,006 [Worker-56: Building] INFO  o.a.m.s.f.DefaultMavenResourcesFiltering - Copying 0 resource from src\main\resources to target\classes
2024-02-11 21:36:15,009 [Worker-56: Building] INFO  o.a.m.s.f.DefaultMavenResourcesFiltering - skip non existing resourceDirectory C:\Users\Prathamesh Hanmante\Desktop\MovieBookingWebsite\moviebackend\moviebackend\src\test\resources
2024-02-11 21:40:58,537 [Worker-56: Building] INFO  o.a.m.s.f.DefaultMavenResourcesFiltering - Copying 1 resource from src\main\resources to target\classes
2024-02-11 21:40:58,541 [Worker-56: Building] INFO  o.a.m.s.f.DefaultMavenResourcesFiltering - Copying 0 resource from src\main\resources to target\classes
2024-02-11 21:40:58,543 [Worker-56: Building] INFO  o.a.m.s.f.DefaultMavenResourcesFiltering - skip non existing resourceDirectory C:\Users\Prathamesh Hanmante\Desktop\MovieBookingWebsite\moviebackend\moviebackend\src\test\resources
2024-02-11 21:46:12,060 [Worker-83: Building] INFO  o.a.m.s.f.DefaultMavenResourcesFiltering - Copying 1 resource from src\main\resources to target\classes
2024-02-11 21:46:12,062 [Worker-83: Building] INFO  o.a.m.s.f.DefaultMavenResourcesFiltering - Copying 0 resource from src\main\resources to target\classes
2024-02-11 21:46:12,064 [Worker-83: Building] INFO  o.a.m.s.f.DefaultMavenResourcesFiltering - skip non existing resourceDirectory C:\Users\Prathamesh Hanmante\Desktop\MovieBookingWebsite\moviebackend\moviebackend\src\test\resources
2024-02-11 21:46:26,964 [Worker-81: Building] INFO  o.a.m.s.f.DefaultMavenResourcesFiltering - Copying 1 resource from src\main\resources to target\classes
2024-02-11 21:46:26,969 [Worker-81: Building] INFO  o.a.m.s.f.DefaultMavenResourcesFiltering - Copying 0 resource from src\main\resources to target\classes
2024-02-11 21:46:26,970 [Worker-81: Building] INFO  o.a.m.s.f.DefaultMavenResourcesFiltering - skip non existing resourceDirectory C:\Users\Prathamesh Hanmante\Desktop\MovieBookingWebsite\moviebackend\moviebackend\src\test\resources
2024-02-11 21:46:42,589 [Worker-77: Building] INFO  o.a.m.s.f.DefaultMavenResourcesFiltering - Copying 1 resource from src\main\resources to target\classes
2024-02-11 21:46:42,593 [Worker-77: Building] INFO  o.a.m.s.f.DefaultMavenResourcesFiltering - Copying 0 resource from src\main\resources to target\classes
2024-02-11 21:46:42,595 [Worker-77: Building] INFO  o.a.m.s.f.DefaultMavenResourcesFiltering - skip non existing resourceDirectory C:\Users\Prathamesh Hanmante\Desktop\MovieBookingWebsite\moviebackend\moviebackend\src\test\resources
2024-02-11 21:47:05,197 [Worker-77: Building] INFO  o.a.m.s.f.DefaultMavenResourcesFiltering - Copying 1 resource from src\main\resources to target\classes
2024-02-11 21:47:05,199 [Worker-77: Building] INFO  o.a.m.s.f.DefaultMavenResourcesFiltering - Copying 0 resource from src\main\resources to target\classes
2024-02-11 21:47:05,200 [Worker-77: Building] INFO  o.a.m.s.f.DefaultMavenResourcesFiltering - skip non existing resourceDirectory C:\Users\Prathamesh Hanmante\Desktop\MovieBookingWebsite\moviebackend\moviebackend\src\test\resources
2024-02-11 21:50:41,207 [Worker-83: Building] INFO  o.a.m.s.f.DefaultMavenResourcesFiltering - Copying 1 resource from src\main\resources to target\classes
2024-02-11 21:50:41,213 [Worker-83: Building] INFO  o.a.m.s.f.DefaultMavenResourcesFiltering - Copying 0 resource from src\main\resources to target\classes
2024-02-11 21:50:41,215 [Worker-83: Building] INFO  o.a.m.s.f.DefaultMavenResourcesFiltering - skip non existing resourceDirectory C:\Users\Prathamesh Hanmante\Desktop\MovieBookingWebsite\moviebackend\moviebackend\src\test\resources
2024-02-11 21:54:48,283 [Worker-85: Building] INFO  o.a.m.s.f.DefaultMavenResourcesFiltering - Copying 1 resource from src\main\resources to target\classes
2024-02-11 21:54:48,287 [Worker-85: Building] INFO  o.a.m.s.f.DefaultMavenResourcesFiltering - Copying 0 resource from src\main\resources to target\classes
2024-02-11 21:54:48,292 [Worker-85: Building] INFO  o.a.m.s.f.DefaultMavenResourcesFiltering - skip non existing resourceDirectory C:\Users\Prathamesh Hanmante\Desktop\MovieBookingWebsite\moviebackend\moviebackend\src\test\resources
2024-02-11 21:55:09,376 [Worker-85: Building] INFO  o.a.m.s.f.DefaultMavenResourcesFiltering - Copying 1 resource from src\main\resources to target\classes
2024-02-11 21:55:09,380 [Worker-85: Building] INFO  o.a.m.s.f.DefaultMavenResourcesFiltering - Copying 0 resource from src\main\resources to target\classes
2024-02-11 21:55:09,383 [Worker-85: Building] INFO  o.a.m.s.f.DefaultMavenResourcesFiltering - skip non existing resourceDirectory C:\Users\Prathamesh Hanmante\Desktop\MovieBookingWebsite\moviebackend\moviebackend\src\test\resources
2024-02-11 21:55:56,330 [Worker-81: Building] INFO  o.a.m.s.f.DefaultMavenResourcesFiltering - Copying 1 resource from src\main\resources to target\classes
2024-02-11 21:55:56,336 [Worker-81: Building] INFO  o.a.m.s.f.DefaultMavenResourcesFiltering - Copying 0 resource from src\main\resources to target\classes
2024-02-11 21:55:56,338 [Worker-81: Building] INFO  o.a.m.s.f.DefaultMavenResourcesFiltering - skip non existing resourceDirectory C:\Users\Prathamesh Hanmante\Desktop\MovieBookingWebsite\moviebackend\moviebackend\src\test\resources
2024-02-11 22:00:17,633 [Worker-86: Building] INFO  o.a.m.s.f.DefaultMavenResourcesFiltering - Copying 1 resource from src\main\resources to target\classes
2024-02-11 22:00:17,637 [Worker-86: Building] INFO  o.a.m.s.f.DefaultMavenResourcesFiltering - Copying 0 resource from src\main\resources to target\classes
2024-02-11 22:00:17,639 [Worker-86: Building] INFO  o.a.m.s.f.DefaultMavenResourcesFiltering - skip non existing resourceDirectory C:\Users\Prathamesh Hanmante\Desktop\MovieBookingWebsite\moviebackend\moviebackend\src\test\resources
2024-02-11 22:00:25,144 [Worker-81: Building] INFO  o.a.m.s.f.DefaultMavenResourcesFiltering - Copying 1 resource from src\main\resources to target\classes
2024-02-11 22:00:25,148 [Worker-81: Building] INFO  o.a.m.s.f.DefaultMavenResourcesFiltering - Copying 0 resource from src\main\resources to target\classes
2024-02-11 22:00:25,150 [Worker-81: Building] INFO  o.a.m.s.f.DefaultMavenResourcesFiltering - skip non existing resourceDirectory C:\Users\Prathamesh Hanmante\Desktop\MovieBookingWebsite\moviebackend\moviebackend\src\test\resources
2024-02-11 22:01:34,225 [Worker-89: Building] INFO  o.a.m.s.f.DefaultMavenResourcesFiltering - Copying 1 resource from src\main\resources to target\classes
2024-02-11 22:01:34,229 [Worker-89: Building] INFO  o.a.m.s.f.DefaultMavenResourcesFiltering - Copying 0 resource from src\main\resources to target\classes
2024-02-11 22:01:34,232 [Worker-89: Building] INFO  o.a.m.s.f.DefaultMavenResourcesFiltering - skip non existing resourceDirectory C:\Users\Prathamesh Hanmante\Desktop\MovieBookingWebsite\moviebackend\moviebackend\src\test\resources
2024-02-11 22:10:10,340 [Worker-81: Building] INFO  o.a.m.s.f.DefaultMavenResourcesFiltering - Copying 1 resource from src\main\resources to target\classes
2024-02-11 22:10:10,347 [Worker-81: Building] INFO  o.a.m.s.f.DefaultMavenResourcesFiltering - Copying 0 resource from src\main\resources to target\classes
2024-02-11 22:10:10,350 [Worker-81: Building] INFO  o.a.m.s.f.DefaultMavenResourcesFiltering - skip non existing resourceDirectory C:\Users\Prathamesh Hanmante\Desktop\MovieBookingWebsite\moviebackend\moviebackend\src\test\resources
2024-02-11 22:10:32,909 [Worker-85: Building] INFO  o.a.m.s.f.DefaultMavenResourcesFiltering - Copying 1 resource from src\main\resources to target\classes
2024-02-11 22:10:32,915 [Worker-85: Building] INFO  o.a.m.s.f.DefaultMavenResourcesFiltering - Copying 0 resource from src\main\resources to target\classes
2024-02-11 22:10:32,918 [Worker-85: Building] INFO  o.a.m.s.f.DefaultMavenResourcesFiltering - skip non existing resourceDirectory C:\Users\Prathamesh Hanmante\Desktop\MovieBookingWebsite\moviebackend\moviebackend\src\test\resources
2024-02-11 22:15:44,562 [Worker-88: Building] INFO  o.a.m.s.f.DefaultMavenResourcesFiltering - Copying 1 resource from src\main\resources to target\classes
2024-02-11 22:15:44,569 [Worker-88: Building] INFO  o.a.m.s.f.DefaultMavenResourcesFiltering - Copying 0 resource from src\main\resources to target\classes
2024-02-11 22:15:44,576 [Worker-88: Building] INFO  o.a.m.s.f.DefaultMavenResourcesFiltering - skip non existing resourceDirectory C:\Users\Prathamesh Hanmante\Desktop\MovieBookingWebsite\moviebackend\moviebackend\src\test\resources
2024-02-11 22:17:13,225 [Worker-85: Building] INFO  o.a.m.s.f.DefaultMavenResourcesFiltering - Copying 1 resource from src\main\resources to target\classes
2024-02-11 22:17:13,232 [Worker-85: Building] INFO  o.a.m.s.f.DefaultMavenResourcesFiltering - Copying 0 resource from src\main\resources to target\classes
2024-02-11 22:17:13,235 [Worker-85: Building] INFO  o.a.m.s.f.DefaultMavenResourcesFiltering - skip non existing resourceDirectory C:\Users\Prathamesh Hanmante\Desktop\MovieBookingWebsite\moviebackend\moviebackend\src\test\resources
2024-02-11 22:18:05,563 [Worker-95: Building] INFO  o.a.m.s.f.DefaultMavenResourcesFiltering - Copying 1 resource from src\main\resources to target\classes
2024-02-11 22:18:05,571 [Worker-95: Building] INFO  o.a.m.s.f.DefaultMavenResourcesFiltering - Copying 0 resource from src\main\resources to target\classes
2024-02-11 22:18:05,574 [Worker-95: Building] INFO  o.a.m.s.f.DefaultMavenResourcesFiltering - skip non existing resourceDirectory C:\Users\Prathamesh Hanmante\Desktop\MovieBookingWebsite\moviebackend\moviebackend\src\test\resources
2024-02-11 22:18:33,966 [Worker-85: Building] INFO  o.a.m.s.f.DefaultMavenResourcesFiltering - Copying 1 resource from src\main\resources to target\classes
2024-02-11 22:18:33,973 [Worker-85: Building] INFO  o.a.m.s.f.DefaultMavenResourcesFiltering - Copying 0 resource from src\main\resources to target\classes
2024-02-11 22:18:33,976 [Worker-85: Building] INFO  o.a.m.s.f.DefaultMavenResourcesFiltering - skip non existing resourceDirectory C:\Users\Prathamesh Hanmante\Desktop\MovieBookingWebsite\moviebackend\moviebackend\src\test\resources
2024-02-11 23:03:22,024 [Stop Help Server] INFO  org.eclipse.jetty.server.Server - Stopped Server@5c61d5f0{STOPPING}[10.0.15,sto=0]
2024-02-11 23:03:22,033 [Stop Help Server] INFO  o.e.jetty.server.AbstractConnector - Stopped ServerConnector@56aa5379{HTTP/1.1, (http/1.1)}{127.0.0.1:0}
2024-02-11 23:03:22,049 [Stop Help Server] INFO  o.e.j.server.handler.ContextHandler - Stopped o.e.j.s.ServletContextHandler@6ef64613{/help,null,STOPPED}
2024-02-11 23:15:57,073 [Worker-1: Loading available Gradle versions] INFO  o.e.b.c.i.u.g.PublishedGradleVersions - Gradle version information cache is up-to-date. Trying to read.
2024-02-11 23:39:31,154 [Start Help Server] INFO  org.eclipse.jetty.server.Server - jetty-10.0.15; built: 2023-04-11T17:25:14.480Z; git: 68017dbd00236bb7e187330d7585a059610f661d; jvm 17.0.8.1+1
2024-02-11 23:39:31,190 [Start Help Server] INFO  o.e.j.s.s.DefaultSessionIdManager - Session workerName=node0
2024-02-11 23:39:31,216 [Start Help Server] INFO  o.e.j.server.handler.ContextHandler - Started o.e.j.s.ServletContextHandler@2e350621{/help,null,AVAILABLE}
2024-02-11 23:39:31,238 [Start Help Server] INFO  o.e.jetty.server.AbstractConnector - Started ServerConnector@3655cae0{HTTP/1.1, (http/1.1)}{127.0.0.1:63582}
2024-02-11 23:39:31,242 [Start Help Server] INFO  org.eclipse.jetty.server.Server - Started Server@6fea3dfa{STARTING}[10.0.15,sto=0] @1433560ms
2024-02-11 23:41:25,709 [Worker-29: Building] INFO  o.a.m.s.f.DefaultMavenResourcesFiltering - Copying 1 resource from src\main\resources to target\classes
2024-02-11 23:41:25,722 [Worker-29: Building] INFO  o.a.m.s.f.DefaultMavenResourcesFiltering - Copying 0 resource from src\main\resources to target\classes
2024-02-11 23:41:25,727 [Worker-29: Building] INFO  o.a.m.s.f.DefaultMavenResourcesFiltering - skip non existing resourceDirectory C:\Users\Prathamesh Hanmante\Desktop\MovieBookingWebsite\moviebackend\moviebackend\src\test\resources
2024-02-11 23:41:39,061 [Stop Help Server] INFO  org.eclipse.jetty.server.Server - Stopped Server@6fea3dfa{STOPPING}[10.0.15,sto=0]
2024-02-11 23:41:39,070 [Stop Help Server] INFO  o.e.jetty.server.AbstractConnector - Stopped ServerConnector@3655cae0{HTTP/1.1, (http/1.1)}{127.0.0.1:0}
2024-02-11 23:41:39,081 [Stop Help Server] INFO  o.e.j.server.handler.ContextHandler - Stopped o.e.j.s.ServletContextHandler@2e350621{/help,null,STOPPED}
2024-02-12 08:03:38,824 [Worker-2: Loading available Gradle versions] INFO  o.e.b.c.i.u.g.PublishedGradleVersions - Gradle version information cache is up-to-date. Trying to read.
2024-02-12 08:13:27,803 [Start Help Server] INFO  org.eclipse.jetty.server.Server - jetty-10.0.15; built: 2023-04-11T17:25:14.480Z; git: 68017dbd00236bb7e187330d7585a059610f661d; jvm 17.0.8.1+1
2024-02-12 08:13:27,842 [Start Help Server] INFO  o.e.j.s.s.DefaultSessionIdManager - Session workerName=node0
2024-02-12 08:13:27,873 [Start Help Server] INFO  o.e.j.server.handler.ContextHandler - Started o.e.j.s.ServletContextHandler@15de5788{/help,null,AVAILABLE}
2024-02-12 08:13:27,900 [Start Help Server] INFO  o.e.jetty.server.AbstractConnector - Started ServerConnector@77b12c6{HTTP/1.1, (http/1.1)}{127.0.0.1:63738}
2024-02-12 08:13:27,907 [Start Help Server] INFO  org.eclipse.jetty.server.Server - Started Server@6ecd9e4a{STARTING}[10.0.15,sto=0] @606753ms
2024-02-12 08:21:58,134 [Stop Help Server] INFO  org.eclipse.jetty.server.Server - Stopped Server@6ecd9e4a{STOPPING}[10.0.15,sto=0]
2024-02-12 08:21:58,139 [Stop Help Server] INFO  o.e.jetty.server.AbstractConnector - Stopped ServerConnector@77b12c6{HTTP/1.1, (http/1.1)}{127.0.0.1:0}
2024-02-12 08:21:58,146 [Stop Help Server] INFO  o.e.j.server.handler.ContextHandler - Stopped o.e.j.s.ServletContextHandler@15de5788{/help,null,STOPPED}
